app/build/intermediates/manifest_merge_blame_file/debug/manifest-merger-blame-debug-report.txt
1<?xml version="1.0" encoding="utf-8"?>
2<manifest xmlns:android="http://schemas.android.com/apk/res/android"
3    package="com.mobdev.hellonavigationdrawer"
4    android:versionCode="1"
5    android:versionName="1.0" >
6
7    <uses-sdk
8        android:minSdkVersion="14"
8-->src/main/AndroidManifest.xml
9        android:targetSdkVersion="29" />
9-->src/main/AndroidManifest.xml
10
11    <application
11-->src/main/AndroidManifest.xml:7:5-28:19
12        android:allowBackup="true"
12-->src/main/AndroidManifest.xml:8:9-35
13        android:appComponentFactory="androidx.core.app.CoreComponentFactory"
13-->[androidx.core:core:1.1.0] AndroidManifest.xml:24:18-86
14        android:debuggable="true"
15        android:icon="@mipmap/ic_launcher"
15-->src/main/AndroidManifest.xml:9:9-43
16        android:label="@string/app_name"
16-->src/main/AndroidManifest.xml:10:9-41
17        android:testOnly="true"
18        android:theme="@style/AppTheme" >
18-->src/main/AndroidManifest.xml:11:9-40
19        <activity
19-->src/main/AndroidManifest.xml:12:9-21:20
20            android:name="com.mobdev.hellonavigationdrawer.MainActivity"
20-->src/main/AndroidManifest.xml:13:13-73
21            android:label="@string/app_name"
21-->src/main/AndroidManifest.xml:14:13-45
22            android:theme="@style/AppTheme.NoActionBar" >
22-->src/main/AndroidManifest.xml:15:13-56
23            <intent-filter>
23-->src/main/AndroidManifest.xml:16:13-20:29
24                <action android:name="android.intent.action.MAIN" />
24-->src/main/AndroidManifest.xml:17:17-69
24-->src/main/AndroidManifest.xml:17:25-66
25
26                <category android:name="android.intent.category.LAUNCHER" />
26-->src/main/AndroidManifest.xml:19:17-77
26-->src/main/AndroidManifest.xml:19:27-74
27            </intent-filter>
28        </activity>
29        <activity
29-->src/main/AndroidManifest.xml:22:9-24:20
30            android:name="com.mobdev.hellonavigationdrawer.InfoActivity"
30-->src/main/AndroidManifest.xml:22:19-79
31            android:theme="@style/AppTheme.NoActionBar" >
31-->src/main/AndroidManifest.xml:23:13-56
32        </activity>
33        <activity
33-->src/main/AndroidManifest.xml:25:9-27:20
34            android:name="com.mobdev.hellonavigationdrawer.HistoryActivity"
34-->src/main/AndroidManifest.xml:25:19-82
35            android:theme="@style/AppTheme.NoActionBar" >
35-->src/main/AndroidManifest.xml:26:13-56
36        </activity>
37    </application>
38
39</manifest>